---
layout: post
title: Virtual Index虚拟索引的使用
categories:
- oracle
tags: 
- tuning
published: true
comments: false
date: 2013-06-25 00:00:00
---
 <div><span lang="EN-US">    10g</span><span>以后，可以在表中创建虚拟索引，以用来测试</span><span lang="EN-US">SQL</span><span>走索引是否能提高性能。虚拟索引不包含数据，因此不会对数据及存储空间造成影响，基本上作为</span><span lang="EN-US">SQL</span><span>调优的一种手段。测试如下：</span></div>
<div></div>
<!--more-->
```
SH@linora>
SELECT * FROM sh.sales WHERE quantity_sold > 10000; 
Execution Plan 
---------------------------------------------------------- 
Plan hash value: 1550251865 

--------------------------------------------------------------------------------------------- 
| Id  | Operation           | Name  | Rows  | Bytes | Cost (%CPU)| Time     | Pstart| Pstop | 
--------------------------------------------------------------------------------------------- 
|   0 | SELECT STATEMENT    |       |     1 |    29 |  4978   (2)| 00:01:00 |       |       | 
|   1 |  PARTITION RANGE ALL|       |     1 |    29 |  4978   (2)| 00:01:00 |     1 |    64 | 
|*  2 |   TABLE ACCESS FULL | SALES |     1 |    29 |  4978   (2)| 00:01:00 |     1 |    64 | 
--------------------------------------------------------------------------------------------- 

Predicate Information (identified by operation id): 
--------------------------------------------------- 

    2 - filter("QUANTITY_SOLD">10000)
```
<div><span>    全表扫描，</span><span lang="EN-US">cost</span><span>为</span><span lang="EN-US">4978.</span></div>
<div>
<a name="more"></a><span>    创建虚拟索引：</span></div>
```
SH@linora>
ALTER SESSION SET "_use_nosegment_indexes"=TRUE; 
CREATE INDEX sh.sales_vi1 ON sh.sales(quantity_sold) NOSEGMENT;
```
<div><span>再次执行</span><span lang="EN-US">sql</span><span>，查看执行计划</span></div>
<div></div>
```
SH@linora>
SELECT * FROM sh.sales WHERE quantity_sold > 10000; 

 Execution Plan 
---------------------------------------------------------- 
Plan hash value: 3712353291 

 ---------------------------------------------------------------------------------------------------------------- 
| Id  | Operation                          | Name      | Rows  | Bytes | Cost (%CPU)| Time     | Pstart| Pstop | 
---------------------------------------------------------------------------------------------------------------- 
|   0 | SELECT STATEMENT                   |           |     1 |    29 |     3   (0)| 00:00:01 |       |       | 
|   1 |  TABLE ACCESS BY GLOBAL INDEX ROWID| SALES     |     1 |    29 |     3   (0)| 00:00:01 | ROWID | ROWID | 
|*  2 |   INDEX RANGE SCAN                 | SALES_VI1 |     1 |       |     2   (0)| 00:00:01 |       |       | 
---------------------------------------------------------------------------------------------------------------- 

 Predicate Information (identified by operation id): 
--------------------------------------------------- 

    2 - access("QUANTITY_SOLD">10000)
```
<div><span>    采用了索引扫描，且</span><span lang="EN-US">cost</span><span>降为</span><span lang="EN-US">3.</span></div>
<div><span>    查看虚拟索引：</span></div>
<div></div>
```
SELECT   index_owner, index_name 
  FROM   dba_ind_columns 
 WHERE   index_name NOT LIKE 'BIN$%' 
MINUS 
SELECT   owner, index_name FROM dba_indexes;
```
<div><span>删除方法跟正常索引删除一样：</span></div>
<div></div>
```
SH@linora>
drop index sales_vi1; 
Index dropped.
```
